<?xml version="1.0" encoding="UTF-8"?>
<coverage generated="1453986038">
  <project timestamp="1453986038">
    <package name="Soma">
      <file name="/home/homestead/soma-tech/app/Categories.php">
        <class name="Categories" namespace="Soma">
          <metrics methods="2" coveredmethods="1" conditionals="0" coveredconditionals="0" statements="2" coveredstatements="1" elements="4" coveredelements="2"/>
        </class>
        <line num="31" type="method" name="user" crap="2" count="0"/>
        <line num="33" type="stmt" count="0"/>
        <line num="41" type="method" name="videos" crap="1" count="1"/>
        <line num="43" type="stmt" count="1"/>
        <metrics loc="45" ncloc="25" classes="1" methods="2" coveredmethods="1" conditionals="0" coveredconditionals="0" statements="2" coveredstatements="1" elements="4" coveredelements="2"/>
      </file>
      <file name="/home/homestead/soma-tech/app/User.php">
        <class name="User" namespace="Soma">
          <metrics methods="3" coveredmethods="2" conditionals="0" coveredconditionals="0" statements="3" coveredstatements="2" elements="6" coveredelements="4"/>
        </class>
        <line num="53" type="method" name="categories" crap="1" count="1"/>
        <line num="55" type="stmt" count="1"/>
        <line num="63" type="method" name="scopeAuthorizedUser" crap="1" count="1"/>
        <line num="65" type="stmt" count="1"/>
        <line num="73" type="method" name="videosDirect" crap="2" count="0"/>
        <line num="75" type="stmt" count="0"/>
        <metrics loc="77" ncloc="47" classes="1" methods="3" coveredmethods="2" conditionals="0" coveredconditionals="0" statements="3" coveredstatements="2" elements="6" coveredelements="4"/>
      </file>
      <file name="/home/homestead/soma-tech/app/Videos.php">
        <class name="Videos" namespace="Soma">
          <metrics methods="2" coveredmethods="2" conditionals="0" coveredconditionals="0" statements="2" coveredstatements="2" elements="4" coveredelements="4"/>
        </class>
        <line num="36" type="method" name="category" crap="1" count="1"/>
        <line num="38" type="stmt" count="1"/>
        <line num="46" type="method" name="userDirect" crap="1" count="1"/>
        <line num="48" type="stmt" count="1"/>
        <metrics loc="50" ncloc="30" classes="1" methods="2" coveredmethods="2" conditionals="0" coveredconditionals="0" statements="2" coveredstatements="2" elements="4" coveredelements="4"/>
      </file>
    </package>
    <package name="Soma\Events">
      <file name="/home/homestead/soma-tech/app/Events/Event.php">
        <class name="Event" namespace="Soma\Events">
          <metrics methods="0" coveredmethods="0" conditionals="0" coveredconditionals="0" statements="0" coveredstatements="0" elements="0" coveredelements="0"/>
        </class>
        <metrics loc="8" ncloc="6" classes="1" methods="0" coveredmethods="0" conditionals="0" coveredconditionals="0" statements="0" coveredstatements="0" elements="0" coveredelements="0"/>
      </file>
    </package>
    <package name="Soma\Http\Controllers">
      <file name="/home/homestead/soma-tech/app/Http/Controllers/CategoryController.php">
        <class name="CategoryController" namespace="Soma\Http\Controllers">
          <metrics methods="6" coveredmethods="5" conditionals="0" coveredconditionals="0" statements="25" coveredstatements="23" elements="31" coveredelements="28"/>
        </class>
        <line num="14" type="method" name="__construct" crap="1" count="4"/>
        <line num="16" type="stmt" count="4"/>
        <line num="17" type="stmt" count="4"/>
        <line num="25" type="method" name="store" crap="1" count="1"/>
        <line num="27" type="stmt" count="1"/>
        <line num="28" type="stmt" count="1"/>
        <line num="29" type="stmt" count="1"/>
        <line num="30" type="stmt" count="1"/>
        <line num="32" type="stmt" count="1"/>
        <line num="34" type="stmt" count="1"/>
        <line num="43" type="method" name="edit" crap="1" count="1"/>
        <line num="45" type="stmt" count="1"/>
        <line num="47" type="stmt" count="1"/>
        <line num="57" type="method" name="update" crap="1" count="1"/>
        <line num="59" type="stmt" count="1"/>
        <line num="60" type="stmt" count="1"/>
        <line num="61" type="stmt" count="1"/>
        <line num="62" type="stmt" count="1"/>
        <line num="64" type="stmt" count="1"/>
        <line num="66" type="stmt" count="1"/>
        <line num="75" type="method" name="destroy" crap="2.09" count="1"/>
        <line num="77" type="stmt" count="1"/>
        <line num="78" type="stmt" count="1"/>
        <line num="79" type="stmt" count="1"/>
        <line num="81" type="stmt" count="1"/>
        <line num="83" type="stmt" count="1"/>
        <line num="86" type="stmt" count="0"/>
        <line num="88" type="stmt" count="0"/>
        <line num="96" type="method" name="getCategories" crap="1" count="3"/>
        <line num="98" type="stmt" count="3"/>
        <line num="100" type="stmt" count="3"/>
        <metrics loc="102" ncloc="69" classes="1" methods="6" coveredmethods="5" conditionals="0" coveredconditionals="0" statements="25" coveredstatements="23" elements="31" coveredelements="28"/>
      </file>
      <file name="/home/homestead/soma-tech/app/Http/Controllers/Controller.php">
        <class name="Controller" namespace="Soma\Http\Controllers">
          <metrics methods="0" coveredmethods="0" conditionals="0" coveredconditionals="0" statements="0" coveredstatements="0" elements="0" coveredelements="0"/>
        </class>
        <metrics loc="13" ncloc="13" classes="1" methods="0" coveredmethods="0" conditionals="0" coveredconditionals="0" statements="0" coveredstatements="0" elements="0" coveredelements="0"/>
      </file>
      <file name="/home/homestead/soma-tech/app/Http/Controllers/HomeController.php">
        <class name="HomeController" namespace="Soma\Http\Controllers">
          <metrics methods="4" coveredmethods="4" conditionals="0" coveredconditionals="0" statements="7" coveredstatements="7" elements="11" coveredelements="11"/>
        </class>
        <line num="14" type="method" name="login" crap="2" count="3"/>
        <line num="16" type="stmt" count="3"/>
        <line num="17" type="stmt" count="1"/>
        <line num="19" type="stmt" count="1"/>
        <line num="22" type="stmt" count="2"/>
        <line num="30" type="method" name="register" crap="1" count="2"/>
        <line num="32" type="stmt" count="2"/>
        <line num="40" type="method" name="dashboard" crap="1" count="6"/>
        <line num="42" type="stmt" count="6"/>
        <line num="50" type="method" name="about" crap="1" count="1"/>
        <line num="52" type="stmt" count="1"/>
        <metrics loc="54" ncloc="34" classes="1" methods="4" coveredmethods="4" conditionals="0" coveredconditionals="0" statements="7" coveredstatements="7" elements="11" coveredelements="11"/>
      </file>
      <file name="/home/homestead/soma-tech/app/Http/Controllers/ProfileController.php">
        <class name="ProfileController" namespace="Soma\Http\Controllers">
          <metrics methods="4" coveredmethods="3" conditionals="0" coveredconditionals="0" statements="22" coveredstatements="15" elements="26" coveredelements="18"/>
        </class>
        <line num="14" type="method" name="__construct" crap="1" count="2"/>
        <line num="16" type="stmt" count="2"/>
        <line num="17" type="stmt" count="2"/>
        <line num="25" type="method" name="edit" crap="1" count="1"/>
        <line num="27" type="stmt" count="1"/>
        <line num="29" type="stmt" count="1"/>
        <line num="39" type="method" name="update" crap="1" count="1"/>
        <line num="41" type="stmt" count="1"/>
        <line num="42" type="stmt" count="1"/>
        <line num="43" type="stmt" count="1"/>
        <line num="44" type="stmt" count="1"/>
        <line num="45" type="stmt" count="1"/>
        <line num="47" type="stmt" count="1"/>
        <line num="49" type="stmt" count="1"/>
        <line num="59" type="method" name="changeAvatar" crap="1.26" count="1"/>
        <line num="61" type="stmt" count="1"/>
        <line num="63" type="stmt" count="1"/>
        <line num="64" type="stmt" count="1"/>
        <line num="65" type="stmt" count="1"/>
        <line num="66" type="stmt" count="0"/>
        <line num="67" type="stmt" count="0"/>
        <line num="69" type="stmt" count="0"/>
        <line num="71" type="stmt" count="0"/>
        <line num="72" type="stmt" count="0"/>
        <line num="73" type="stmt" count="0"/>
        <line num="74" type="stmt" count="0"/>
        <metrics loc="75" ncloc="52" classes="1" methods="4" coveredmethods="3" conditionals="0" coveredconditionals="0" statements="22" coveredstatements="15" elements="26" coveredelements="18"/>
      </file>
      <file name="/home/homestead/soma-tech/app/Http/Controllers/VideoController.php">
        <class name="VideoController" namespace="Soma\Http\Controllers">
          <metrics methods="13" coveredmethods="11" conditionals="0" coveredconditionals="0" statements="70" coveredstatements="62" elements="83" coveredelements="73"/>
        </class>
        <line num="19" type="method" name="__construct" crap="1" count="8"/>
        <line num="21" type="stmt" count="8"/>
        <line num="23" type="stmt" count="8"/>
        <line num="24" type="stmt" count="8"/>
        <line num="25" type="stmt" count="8"/>
        <line num="26" type="stmt" count="8"/>
        <line num="27" type="stmt" count="8"/>
        <line num="28" type="stmt" count="8"/>
        <line num="29" type="stmt" count="8"/>
        <line num="30" type="stmt" count="8"/>
        <line num="37" type="method" name="index" crap="1" count="4"/>
        <line num="39" type="stmt" count="4"/>
        <line num="40" type="stmt" count="4"/>
        <line num="42" type="stmt" count="4"/>
        <line num="50" type="method" name="create" crap="1" count="1"/>
        <line num="52" type="stmt" count="1"/>
        <line num="54" type="stmt" count="1"/>
        <line num="63" type="method" name="store" crap="1" count="1"/>
        <line num="65" type="stmt" count="1"/>
        <line num="67" type="stmt" count="1"/>
        <line num="68" type="stmt" count="1"/>
        <line num="70" type="stmt" count="1"/>
        <line num="71" type="stmt" count="1"/>
        <line num="72" type="stmt" count="1"/>
        <line num="73" type="stmt" count="1"/>
        <line num="74" type="stmt" count="1"/>
        <line num="75" type="stmt" count="1"/>
        <line num="76" type="stmt" count="1"/>
        <line num="78" type="stmt" count="1"/>
        <line num="80" type="stmt" count="1"/>
        <line num="89" type="method" name="show" crap="1" count="1"/>
        <line num="91" type="stmt" count="1"/>
        <line num="92" type="stmt" count="1"/>
        <line num="94" type="stmt" count="1"/>
        <line num="103" type="method" name="edit" crap="1" count="1"/>
        <line num="105" type="stmt" count="1"/>
        <line num="106" type="stmt" count="1"/>
        <line num="108" type="stmt" count="1"/>
        <line num="118" type="method" name="update" crap="1" count="1"/>
        <line num="120" type="stmt" count="1"/>
        <line num="122" type="stmt" count="1"/>
        <line num="123" type="stmt" count="1"/>
        <line num="125" type="stmt" count="1"/>
        <line num="126" type="stmt" count="1"/>
        <line num="127" type="stmt" count="1"/>
        <line num="128" type="stmt" count="1"/>
        <line num="129" type="stmt" count="1"/>
        <line num="130" type="stmt" count="1"/>
        <line num="131" type="stmt" count="1"/>
        <line num="133" type="stmt" count="1"/>
        <line num="135" type="stmt" count="1"/>
        <line num="144" type="method" name="destroy" crap="2.09" count="1"/>
        <line num="146" type="stmt" count="1"/>
        <line num="147" type="stmt" count="1"/>
        <line num="148" type="stmt" count="1"/>
        <line num="149" type="stmt" count="1"/>
        <line num="151" type="stmt" count="1"/>
        <line num="154" type="stmt" count="0"/>
        <line num="156" type="stmt" count="0"/>
        <line num="164" type="method" name="getVideos" crap="1" count="2"/>
        <line num="166" type="stmt" count="2"/>
        <line num="167" type="stmt" count="2"/>
        <line num="169" type="stmt" count="2"/>
        <line num="177" type="method" name="getVideosByCategory" crap="1" count="1"/>
        <line num="179" type="stmt" count="1"/>
        <line num="180" type="stmt" count="1"/>
        <line num="182" type="stmt" count="1"/>
        <line num="191" type="method" name="viewCount" crap="12" count="0"/>
        <line num="193" type="stmt" count="0"/>
        <line num="194" type="stmt" count="0"/>
        <line num="196" type="stmt" count="0"/>
        <line num="197" type="stmt" count="0"/>
        <line num="199" type="stmt" count="0"/>
        <line num="201" type="stmt" count="0"/>
        <line num="209" type="method" name="youtubeEmbedLink" crap="1" count="2"/>
        <line num="211" type="stmt" count="2"/>
        <line num="212" type="stmt" count="2"/>
        <line num="213" type="stmt" count="2"/>
        <line num="215" type="stmt" count="2"/>
        <line num="224" type="method" name="getYoutubeId" crap="1" count="2"/>
        <line num="226" type="stmt" count="2"/>
        <line num="227" type="stmt" count="2"/>
        <line num="229" type="stmt" count="2"/>
        <metrics loc="231" ncloc="159" classes="1" methods="13" coveredmethods="11" conditionals="0" coveredconditionals="0" statements="70" coveredstatements="62" elements="83" coveredelements="73"/>
      </file>
    </package>
    <package name="Soma\Http">
      <file name="/home/homestead/soma-tech/app/Http/Flash.php">
        <class name="Flash" namespace="Soma\Http">
          <metrics methods="4" coveredmethods="3" conditionals="0" coveredconditionals="0" statements="9" coveredstatements="8" elements="13" coveredelements="11"/>
        </class>
        <line num="16" type="method" name="createFlash" crap="1" count="9"/>
        <line num="18" type="stmt" count="9"/>
        <line num="19" type="stmt" count="9"/>
        <line num="20" type="stmt" count="9"/>
        <line num="21" type="stmt" count="9"/>
        <line num="22" type="stmt" count="9"/>
        <line num="23" type="stmt" count="9"/>
        <line num="32" type="method" name="info" crap="1" count="1"/>
        <line num="34" type="stmt" count="1"/>
        <line num="44" type="method" name="success" crap="1" count="8"/>
        <line num="46" type="stmt" count="8"/>
        <line num="56" type="method" name="error" crap="2" count="0"/>
        <line num="58" type="stmt" count="0"/>
        <metrics loc="60" ncloc="30" classes="1" methods="4" coveredmethods="3" conditionals="0" coveredconditionals="0" statements="9" coveredstatements="8" elements="13" coveredelements="11"/>
      </file>
      <file name="/home/homestead/soma-tech/app/Http/Kernel.php">
        <class name="Kernel" namespace="Soma\Http">
          <metrics methods="0" coveredmethods="0" conditionals="0" coveredconditionals="0" statements="0" coveredstatements="0" elements="0" coveredelements="0"/>
        </class>
        <metrics loc="33" ncloc="23" classes="1" methods="0" coveredmethods="0" conditionals="0" coveredconditionals="0" statements="0" coveredstatements="0" elements="0" coveredelements="0"/>
      </file>
    </package>
    <package name="Soma\Http\Requests">
      <file name="/home/homestead/soma-tech/app/Http/Requests/CategoriesRequest.php">
        <class name="CategoriesRequest" namespace="Soma\Http\Requests">
          <metrics methods="2" coveredmethods="2" conditionals="0" coveredconditionals="0" statements="3" coveredstatements="3" elements="5" coveredelements="5"/>
        </class>
        <line num="12" type="method" name="authorize" crap="1" count="2"/>
        <line num="14" type="stmt" count="2"/>
        <line num="22" type="method" name="rules" crap="1" count="2"/>
        <line num="25" type="stmt" count="2"/>
        <line num="26" type="stmt" count="2"/>
        <metrics loc="28" ncloc="18" classes="1" methods="2" coveredmethods="2" conditionals="0" coveredconditionals="0" statements="3" coveredstatements="3" elements="5" coveredelements="5"/>
      </file>
      <file name="/home/homestead/soma-tech/app/Http/Requests/ProfileRequest.php">
        <class name="ProfileRequest" namespace="Soma\Http\Requests">
          <metrics methods="2" coveredmethods="2" conditionals="0" coveredconditionals="0" statements="4" coveredstatements="4" elements="6" coveredelements="6"/>
        </class>
        <line num="12" type="method" name="authorize" crap="1" count="1"/>
        <line num="14" type="stmt" count="1"/>
        <line num="22" type="method" name="rules" crap="1" count="1"/>
        <line num="25" type="stmt" count="1"/>
        <line num="26" type="stmt" count="1"/>
        <line num="27" type="stmt" count="1"/>
        <metrics loc="29" ncloc="19" classes="1" methods="2" coveredmethods="2" conditionals="0" coveredconditionals="0" statements="4" coveredstatements="4" elements="6" coveredelements="6"/>
      </file>
      <file name="/home/homestead/soma-tech/app/Http/Requests/Request.php">
        <class name="Request" namespace="Soma\Http\Requests">
          <metrics methods="0" coveredmethods="0" conditionals="0" coveredconditionals="0" statements="0" coveredstatements="0" elements="0" coveredelements="0"/>
        </class>
        <metrics loc="10" ncloc="8" classes="1" methods="0" coveredmethods="0" conditionals="0" coveredconditionals="0" statements="0" coveredstatements="0" elements="0" coveredelements="0"/>
      </file>
      <file name="/home/homestead/soma-tech/app/Http/Requests/VideoRequest.php">
        <class name="VideoRequest" namespace="Soma\Http\Requests">
          <metrics methods="2" coveredmethods="2" conditionals="0" coveredconditionals="0" statements="6" coveredstatements="6" elements="8" coveredelements="8"/>
        </class>
        <line num="12" type="method" name="authorize" crap="1" count="2"/>
        <line num="14" type="stmt" count="2"/>
        <line num="22" type="method" name="rules" crap="1" count="2"/>
        <line num="25" type="stmt" count="2"/>
        <line num="26" type="stmt" count="2"/>
        <line num="27" type="stmt" count="2"/>
        <line num="28" type="stmt" count="2"/>
        <line num="29" type="stmt" count="2"/>
        <metrics loc="31" ncloc="21" classes="1" methods="2" coveredmethods="2" conditionals="0" coveredconditionals="0" statements="6" coveredstatements="6" elements="8" coveredelements="8"/>
      </file>
    </package>
    <file name="/home/homestead/soma-tech/app/Http/routes.php">
      <line num="16" type="stmt" count="24"/>
      <line num="17" type="stmt" count="24"/>
      <line num="18" type="stmt" count="24"/>
      <line num="19" type="stmt" count="24"/>
      <line num="24" type="stmt" count="24"/>
      <line num="25" type="stmt" count="24"/>
      <line num="26" type="stmt" count="24"/>
      <line num="27" type="stmt" count="24"/>
      <line num="32" type="stmt" count="24"/>
      <line num="33" type="stmt" count="24"/>
      <line num="34" type="stmt" count="24"/>
      <line num="35" type="stmt" count="24"/>
      <line num="37" type="stmt" count="24"/>
      <line num="39" type="stmt" count="24"/>
      <line num="40" type="stmt" count="24"/>
      <line num="41" type="stmt" count="24"/>
      <line num="42" type="stmt" count="24"/>
      <line num="44" type="stmt" count="24"/>
      <line num="45" type="stmt" count="24"/>
      <line num="46" type="stmt" count="24"/>
      <line num="47" type="stmt" count="24"/>
      <line num="49" type="stmt" count="24"/>
      <line num="54" type="stmt" count="24"/>
      <line num="55" type="stmt" count="24"/>
      <line num="56" type="stmt" count="24"/>
      <line num="57" type="stmt" count="24"/>
      <line num="59" type="stmt" count="24"/>
      <line num="64" type="stmt" count="24"/>
      <line num="65" type="stmt" count="24"/>
      <line num="66" type="stmt" count="24"/>
      <line num="67" type="stmt" count="24"/>
      <line num="68" type="stmt" count="24"/>
      <line num="73" type="stmt" count="24"/>
      <line num="74" type="stmt" count="24"/>
      <line num="75" type="stmt" count="24"/>
      <line num="76" type="stmt" count="24"/>
      <line num="78" type="stmt" count="24"/>
      <line num="83" type="stmt" count="24"/>
      <line num="84" type="stmt" count="24"/>
      <line num="85" type="stmt" count="24"/>
      <line num="86" type="stmt" count="24"/>
      <line num="87" type="stmt" count="24"/>
      <line num="88" type="stmt" count="24"/>
      <line num="89" type="stmt" count="24"/>
      <line num="90" type="stmt" count="24"/>
      <line num="91" type="stmt" count="24"/>
      <line num="96" type="stmt" count="24"/>
      <line num="97" type="stmt" count="24"/>
      <line num="98" type="stmt" count="24"/>
      <line num="100" type="stmt" count="24"/>
      <line num="102" type="stmt" count="24"/>
      <line num="107" type="stmt" count="24"/>
      <line num="108" type="stmt" count="24"/>
      <line num="109" type="stmt" count="24"/>
      <line num="110" type="stmt" count="24"/>
      <line num="115" type="stmt" count="24"/>
      <line num="116" type="stmt" count="24"/>
      <line num="117" type="stmt" count="24"/>
      <line num="118" type="stmt" count="24"/>
      <line num="123" type="stmt" count="24"/>
      <metrics loc="123" ncloc="80" classes="0" methods="0" coveredmethods="0" conditionals="0" coveredconditionals="0" statements="60" coveredstatements="60" elements="60" coveredelements="60"/>
    </file>
    <package name="Soma\Jobs">
      <file name="/home/homestead/soma-tech/app/Jobs/Job.php">
        <class name="Job" namespace="Soma\Jobs">
          <metrics methods="0" coveredmethods="0" conditionals="0" coveredconditionals="0" statements="0" coveredstatements="0" elements="0" coveredelements="0"/>
        </class>
        <metrics loc="21" ncloc="11" classes="1" methods="0" coveredmethods="0" conditionals="0" coveredconditionals="0" statements="0" coveredstatements="0" elements="0" coveredelements="0"/>
      </file>
    </package>
    <package name="Soma\Policies">
      <file name="/home/homestead/soma-tech/app/Policies/CategoryAuthorizePolicy.php">
        <class name="CategoryAuthorizePolicy" namespace="Soma\Policies">
          <metrics methods="1" coveredmethods="1" conditionals="0" coveredconditionals="0" statements="1" coveredstatements="1" elements="2" coveredelements="2"/>
        </class>
        <line num="20" type="method" name="userCategory" crap="1" count="3"/>
        <line num="22" type="stmt" count="3"/>
        <metrics loc="24" ncloc="17" classes="1" methods="1" coveredmethods="1" conditionals="0" coveredconditionals="0" statements="1" coveredstatements="1" elements="2" coveredelements="2"/>
      </file>
      <file name="/home/homestead/soma-tech/app/Policies/VideoAuthorizePolicy.php">
        <class name="VideoAuthorizePolicy" namespace="Soma\Policies">
          <metrics methods="1" coveredmethods="1" conditionals="0" coveredconditionals="0" statements="1" coveredstatements="1" elements="2" coveredelements="2"/>
        </class>
        <line num="20" type="method" name="userVideo" crap="1" count="2"/>
        <line num="22" type="stmt" count="2"/>
        <metrics loc="24" ncloc="17" classes="1" methods="1" coveredmethods="1" conditionals="0" coveredconditionals="0" statements="1" coveredstatements="1" elements="2" coveredelements="2"/>
      </file>
    </package>
    <package name="Soma\Providers">
      <file name="/home/homestead/soma-tech/app/Providers/AppServiceProvider.php">
        <class name="AppServiceProvider" namespace="Soma\Providers">
          <metrics methods="2" coveredmethods="2" conditionals="0" coveredconditionals="0" statements="2" coveredstatements="2" elements="4" coveredelements="4"/>
        </class>
        <line num="14" type="method" name="boot" crap="1" count="24"/>
        <line num="17" type="stmt" count="24"/>
        <line num="24" type="method" name="register" crap="1" count="24"/>
        <line num="27" type="stmt" count="24"/>
        <metrics loc="28" ncloc="14" classes="1" methods="2" coveredmethods="2" conditionals="0" coveredconditionals="0" statements="2" coveredstatements="2" elements="4" coveredelements="4"/>
      </file>
      <file name="/home/homestead/soma-tech/app/Providers/AuthServiceProvider.php">
        <class name="AuthServiceProvider" namespace="Soma\Providers">
          <metrics methods="1" coveredmethods="1" conditionals="0" coveredconditionals="0" statements="2" coveredstatements="2" elements="3" coveredelements="3"/>
        </class>
        <line num="31" type="method" name="boot" crap="1" count="24"/>
        <line num="33" type="stmt" count="24"/>
        <line num="36" type="stmt" count="24"/>
        <metrics loc="37" ncloc="24" classes="1" methods="1" coveredmethods="1" conditionals="0" coveredconditionals="0" statements="2" coveredstatements="2" elements="3" coveredelements="3"/>
      </file>
      <file name="/home/homestead/soma-tech/app/Providers/EventServiceProvider.php">
        <class name="EventServiceProvider" namespace="Soma\Providers">
          <metrics methods="1" coveredmethods="1" conditionals="0" coveredconditionals="0" statements="2" coveredstatements="2" elements="3" coveredelements="3"/>
        </class>
        <line num="27" type="method" name="boot" crap="1" count="24"/>
        <line num="29" type="stmt" count="24"/>
        <line num="32" type="stmt" count="24"/>
        <metrics loc="33" ncloc="20" classes="1" methods="1" coveredmethods="1" conditionals="0" coveredconditionals="0" statements="2" coveredstatements="2" elements="3" coveredelements="3"/>
      </file>
      <file name="/home/homestead/soma-tech/app/Providers/RouteServiceProvider.php">
        <class name="RouteServiceProvider" namespace="Soma\Providers">
          <metrics methods="2" coveredmethods="2" conditionals="0" coveredconditionals="0" statements="4" coveredstatements="4" elements="6" coveredelements="6"/>
        </class>
        <line num="25" type="method" name="boot" crap="1" count="24"/>
        <line num="29" type="stmt" count="24"/>
        <line num="30" type="stmt" count="24"/>
        <line num="40" type="method" name="anonymous function" crap="1" count="24"/>
        <line num="41" type="stmt" count="24"/>
        <line num="42" type="stmt" count="24"/>
        <line num="43" type="stmt" count="24"/>
        <metrics loc="44" ncloc="23" classes="1" methods="2" coveredmethods="2" conditionals="0" coveredconditionals="0" statements="5" coveredstatements="5" elements="7" coveredelements="7"/>
      </file>
    </package>
    <file name="/home/homestead/soma-tech/app/helpers.php">
      <line num="14" type="stmt" count="9"/>
      <line num="16" type="stmt" count="9"/>
      <line num="17" type="stmt" count="8"/>
      <line num="20" type="stmt" count="1"/>
      <metrics loc="21" ncloc="11" classes="0" methods="0" coveredmethods="0" conditionals="0" coveredconditionals="0" statements="4" coveredstatements="4" elements="4" coveredelements="4"/>
    </file>
    <metrics files="24" loc="1201" ncloc="771" classes="22" methods="52" coveredmethods="45" conditionals="0" coveredconditionals="0" statements="230" coveredstatements="210" elements="282" coveredelements="255"/>
  </project>
</coverage>
